date: 2026-03-02
status: success
news_count:
  red: 2
  yellow: 3
  green: 3
brave_requests: 22
key_highlights:
  - NVDA -7.5% (決算beat後売り込み)
  - 1542.T +13.53% (US-Israel→イラン攻撃で銀急騰)
  - IONQ +24.66% (機関投資家強気)
  - 金$5300・銀$93付近
  - 2月雇用統計今週発表
  - Big Tech $655B AI投資
email_sent: iwasaki@professy.co.jp
---

**[OpenClaw News] ニュース8件をメール送信（🔴2 🟡3 🟢3）**

全8ステップ完了:

| Step | 内容 | 結果 |
|------|------|------|
| **Step 0** | watchlist / stock-history / dca-schedule 読込 | ✅ |
| **Step 1** | Yahoo Finance 15銘柄+USD/JPY取得（sleep 2×15回） | ✅ |
| **Step 2** | 決算日チェック 10銘柄（sleep 3×9回） | ✅ 7日以内の決算なし |
| **Step 3** | Brave Search 12リクエスト（sleep 3×11回） | ✅ |
| **Step 4** | QuickChart バーチャート生成・ダウンロード | ✅ 46KB |
| **Step 5** | 分析・フィルタリング（影響度分類・KEY DRIVERS） | ✅ |
| **Step 6** | HTMLメール生成（テンプレート厳守） | ✅ 23KB |
| **Step 7** | ファイル保存 + send-email.py でメール送信 | ✅ |
| **Step 8** | macOS通知（Purr） | ✅ |

**今週の主要トピック:**
- 🔴 **NVDA -7.5%** — 決算EPS Beat ($1.62 vs $1.50) も株価売り込み。次回決算5/20
- 🔴 **US-Israel→イラン攻撃** — 1542.T **+13.53%**・1326.T **+3.81%** で貴金属ヘッジが有効機能
- 🟡 **2月雇用統計** 今週発表 — グロース株と貴金属の両方に影響
- 🟡 **IONQ +24.66%** — 機関投資家の強気シグナル確認
- 🟢 **Big Tech $655B AI投資** — TSM・VRT・ETNの長期需要を裏付け
[2026-03-02 07:09:07] === OpenClaw News 完了 (exit: 0) ===
